<?xml version="1.0" encoding="UTF-8"?>
<!-- Generated by org.testng.reporters.JUnitReportReporter -->
<testsuite hostname="Sameer" name="com.core.mysuite.MyTestCase" tests="6" failures="0" timestamp="3 Dec 2016 06:05:57 GMT" time="133.443" errors="0">
  <testcase name="login" time="0.289" classname="com.core.mysuite.MyTestCase"/>
  <testcase name="login" time="56.845" classname="com.core.mysuite.MyTestCase"/>
  <testcase name="login" time="1.048" classname="com.core.mysuite.MyTestCase"/>
  <testcase name="login" time="29.670" classname="com.core.mysuite.MyTestCase"/>
  <testcase name="login" time="1.356" classname="com.core.mysuite.MyTestCase"/>
  <testcase name="login" time="44.235" classname="com.core.mysuite.MyTestCase"/>
</testsuite> <!-- com.core.mysuite.MyTestCase -->
